<?xml version="1.0" encoding="UTF-8"?>
<!-- Generated by org.testng.reporters.JUnitXMLReporter -->
<testsuite ignored="4" hostname="LTIN238289" failures="0" tests="3" name="EdgeTest" time="0.042" errors="0" timestamp="2024-02-28T15:09:41 IST">
  <testcase classname="testclasses.Testcase1" name="upcomingbikes" time="0.0">
    <skipped/>
  </testcase> <!-- upcomingbikes -->
  <testcase classname="testclasses.Testcase2" name="popularcars" time="0.0">
    <skipped/>
  </testcase> <!-- popularcars -->
  <testcase classname="testclasses.Testcase3" name="loginPageDetails" time="0.0">
    <skipped/>
  </testcase> <!-- loginPageDetails -->
  <testcase classname="testbase.BaseClass" name="@BeforeTest driverSetUp" time="0.0">
    <ignored/>
  </testcase> <!-- @BeforeTest driverSetUp -->
  <testcase classname="testbase.BaseClass" name="@BeforeTest driverSetUp" time="0.0">
    <ignored/>
  </testcase> <!-- @BeforeTest driverSetUp -->
  <testcase classname="testbase.BaseClass" name="@AfterTest exit" time="0.0">
    <ignored/>
  </testcase> <!-- @AfterTest exit -->
  <testcase classname="testbase.BaseClass" name="@AfterTest exit" time="0.0">
    <ignored/>
  </testcase> <!-- @AfterTest exit -->
</testsuite> <!-- EdgeTest -->
