<?xml version="1.0" encoding="UTF-8"?>
<!-- Generated by org.testng.reporters.JUnitXMLReporter -->
<testsuite ignored="4" hostname="LTIN238289" failures="0" tests="10" name="Test" time="42.806" errors="0" timestamp="2024-02-28T15:33:17 IST">
  <testcase classname="testclasses.Testcase1" name="newbikes" time="0.727"/>
  <testcase classname="testclasses.Testcase1" name="upcomingbikes" time="3.622"/>
  <testcase classname="testclasses.Testcase1" name="brand" time="1.604"/>
  <testcase classname="testclasses.Testcase1" name="bikes" time="7.458"/>
  <testcase classname="testclasses.Testcase2" name="usedcars" time="0.151"/>
  <testcase classname="testclasses.Testcase2" name="state" time="3.978"/>
  <testcase classname="testclasses.Testcase2" name="popularcars" time="2.382"/>
  <testcase classname="testclasses.Testcase3" name="login" time="1.151"/>
  <testcase classname="testclasses.Testcase3" name="signup" time="0.279"/>
  <testcase classname="testclasses.Testcase3" name="loginPageDetails" time="5.663"/>
  <testcase classname="testbase.BaseClass" name="@BeforeTest driverSetUp" time="0.0">
    <ignored/>
  </testcase> <!-- @BeforeTest driverSetUp -->
  <testcase classname="testbase.BaseClass" name="@AfterTest exit" time="0.0">
    <ignored/>
  </testcase> <!-- @AfterTest exit -->
  <testcase classname="testbase.BaseClass" name="@BeforeTest driverSetUp" time="0.0">
    <ignored/>
  </testcase> <!-- @BeforeTest driverSetUp -->
  <testcase classname="testbase.BaseClass" name="@AfterTest exit" time="0.0">
    <ignored/>
  </testcase> <!-- @AfterTest exit -->
</testsuite> <!-- Test -->
